Log file open, 05/04/21 18:32:50
LogWindows: Failed to load 'aqProf.dll' (GetLastError=126)
LogWindows: File 'aqProf.dll' does not exist
LogWindows: Failed to load 'VtuneApi.dll' (GetLastError=126)
LogWindows: File 'VtuneApi.dll' does not exist
LogWindows: Failed to load 'VtuneApi32e.dll' (GetLastError=126)
LogWindows: File 'VtuneApi32e.dll' does not exist
LogConsoleResponse: Display: Failed to find resolution value strings in scalability ini. Falling back to default.
LogInit: Display: Running engine for game: MBV_Demo_Project
LogPlatformFile: Not using cached read wrapper
LogTaskGraph: Started task graph with 5 named threads and 47 total threads with 3 sets of task threads.
LogStats: Stats thread started at 0.059261
LogD3D11RHI: Loaded GFSDK_Aftermath_Lib.x64.dll
LogICUInternationalization: ICU TimeZone Detection - Raw Offset: +9:00, Platform Override: ''
LogPluginManager: Mounting plugin Paper2D
LogPluginManager: Mounting plugin AISupport
LogPluginManager: Mounting plugin LightPropagationVolume
LogPluginManager: Mounting plugin ActorLayerUtilities
LogPluginManager: Mounting plugin AnimationSharing
LogPluginManager: Mounting plugin CLionSourceCodeAccess
LogPluginManager: Mounting plugin CodeLiteSourceCodeAccess
LogPluginManager: Mounting plugin GitSourceControl
LogPluginManager: Mounting plugin KDevelopSourceCodeAccess
LogPluginManager: Mounting plugin NullSourceCodeAccess
LogPluginManager: Mounting plugin PerforceSourceControl
LogPluginManager: Mounting plugin PlasticSourceControl
LogPluginManager: Mounting plugin SubversionSourceControl
LogPluginManager: Mounting plugin UObjectPlugin
LogPluginManager: Mounting plugin VisualStudioCodeSourceCodeAccess
LogPluginManager: Mounting plugin VisualStudioSourceCodeAccess
LogPluginManager: Mounting plugin XCodeSourceCodeAccess
LogPluginManager: Mounting plugin AssetManagerEditor
LogPluginManager: Mounting plugin CryptoKeys
LogPluginManager: Mounting plugin CurveEditorTools
LogPluginManager: Mounting plugin DataValidation
LogPluginManager: Mounting plugin EditorScriptingUtilities
LogPluginManager: Mounting plugin FacialAnimation
LogPluginManager: Mounting plugin GameplayTagsEditor
LogPluginManager: Mounting plugin GLTFImporter
LogPluginManager: Mounting plugin MacGraphicsSwitching
LogPluginManager: Mounting plugin MaterialAnalyzer
LogPluginManager: Mounting plugin MeshEditor
LogPluginManager: Mounting plugin MobileLauncherProfileWizard
LogPluginManager: Mounting plugin PluginBrowser
LogPluginManager: Mounting plugin SpeedTreeImporter
LogPluginManager: Mounting plugin AxFImporter
LogPluginManager: Mounting plugin DatasmithCADImporter
LogPluginManager: Mounting plugin DatasmithContent
LogPluginManager: Mounting plugin DatasmithGLTFImporter
LogPluginManager: Mounting plugin DatasmithIFCImporter
LogPluginManager: Mounting plugin DatasmithImporter
LogPluginManager: Mounting plugin StaticMeshEditorExtension
LogPluginManager: Mounting plugin VariantManager
LogPluginManager: Mounting plugin VariantManagerContent
LogPluginManager: Mounting plugin AlembicImporter
LogPluginManager: Mounting plugin AutomationUtils
LogPluginManager: Mounting plugin BackChannel
LogPluginManager: Mounting plugin BlastPlugin
LogPluginManager: Mounting plugin ChaosSolverPlugin
LogPluginManager: Mounting plugin CharacterAI
LogPluginManager: Mounting plugin DataPrepEditor
LogPluginManager: Mounting plugin GeometryCache
LogPluginManager: Mounting plugin GeometryCollectionPlugin
LogPluginManager: Mounting plugin PlatformCrypto
LogPluginManager: Mounting plugin ProxyLODPlugin
LogPluginManager: Mounting plugin PythonScriptPlugin
LogPluginManager: Mounting plugin SkeletalReduction
LogPluginManager: Mounting plugin MagicLeap
LogPluginManager: Mounting plugin MagicLeapMedia
LogPluginManager: Mounting plugin MLSDK
LogPluginManager: Mounting plugin AndroidMedia
LogPluginManager: Mounting plugin AvfMedia
LogPluginManager: Mounting plugin ImgMedia
LogPluginManager: Mounting plugin MediaCompositing
LogPluginManager: Mounting plugin MediaPlayerEditor
LogPluginManager: Mounting plugin WebMMedia
LogPluginManager: Mounting plugin WmfMedia
LogPluginManager: Mounting plugin TcpMessaging
LogPluginManager: Mounting plugin UdpMessaging
LogPluginManager: Mounting plugin ActorSequence
LogPluginManager: Mounting plugin LevelSequenceEditor
LogPluginManager: Mounting plugin MatineeToLevelSequence
LogPluginManager: Mounting plugin NetcodeUnitTest
LogPluginManager: Mounting plugin NUTUnrealEngine4
LogPluginManager: Mounting plugin OnlineSubsystemGooglePlay
LogPluginManager: Mounting plugin OnlineSubsystemIOS
LogPluginManager: Mounting plugin OnlineSubsystem
LogPluginManager: Mounting plugin OnlineSubsystemNull
LogPluginManager: Mounting plugin OnlineSubsystemUtils
LogPluginManager: Mounting plugin LauncherChunkInstaller
LogPluginManager: Mounting plugin AndroidDeviceProfileSelector
LogPluginManager: Mounting plugin AndroidMoviePlayer
LogPluginManager: Mounting plugin AndroidPermission
LogPluginManager: Mounting plugin AppleImageUtils
LogPluginManager: Mounting plugin AppleMoviePlayer
LogPluginManager: Mounting plugin ArchVisCharacter
LogPluginManager: Mounting plugin AssetTags
LogPluginManager: Mounting plugin AudioCapture
LogPluginManager: Mounting plugin CableComponent
LogPluginManager: Mounting plugin CustomMeshComponent
LogPluginManager: Mounting plugin EditableMesh
LogPluginManager: Mounting plugin ExampleDeviceProfileSelector
LogPluginManager: Mounting plugin GoogleCloudMessaging
LogPluginManager: Mounting plugin HDRIBackdrop
LogPluginManager: Mounting plugin IOSDeviceProfileSelector
LogPluginManager: Mounting plugin LinuxDeviceProfileSelector
LogPluginManager: Mounting plugin LocationServicesBPLibrary
LogPluginManager: Mounting plugin MobilePatchingUtils
LogPluginManager: Mounting plugin OculusVR
LogPluginManager: Mounting plugin PhysXVehicles
LogPluginManager: Mounting plugin PostSplashScreen
LogPluginManager: Mounting plugin ProceduralMeshComponent
LogPluginManager: Mounting plugin RuntimePhysXCooking
LogPluginManager: Mounting plugin SignificanceManager
LogPluginManager: Mounting plugin SteamVR
LogPluginManager: Mounting plugin SunPosition
LogPluginManager: Mounting plugin WebMMoviePlayer
LogPluginManager: Mounting plugin WindowsMoviePlayer
LogPluginManager: Mounting plugin ScreenshotTools
LogInit: Using libcurl 7.55.1-DEV
LogInit:  - built for x86_64-pc-win32
LogInit:  - supports SSL with OpenSSL/1.1.1
LogInit:  - supports HTTP deflate (compression) using libz 1.2.8
LogInit:  - other features:
LogInit:      CURL_VERSION_SSL
LogInit:      CURL_VERSION_LIBZ
LogInit:      CURL_VERSION_IPV6
LogInit:      CURL_VERSION_ASYNCHDNS
LogInit:      CURL_VERSION_LARGEFILE
LogInit:      CURL_VERSION_IDN
LogInit:  CurlRequestOptions (configurable via config and command line):
LogInit:  - bVerifyPeer = true  - Libcurl will verify peer certificate
LogInit:  - bUseHttpProxy = false  - Libcurl will NOT use HTTP proxy
LogInit:  - bDontReuseConnections = false  - Libcurl will reuse connections
LogInit:  - MaxHostConnections = 16  - Libcurl will limit the number of connections to a host
LogInit:  - LocalHostAddr = Default
LogInit:  - BufferSize = 65536
LogOnline: OSS: Creating online subsystem instance for: NULL
LogInit: WinSock: version 1.1 (2.2), MaxSocks=32767, MaxUdp=65467
LogOnline: OSS: TryLoadSubsystemAndSetDefault: Loaded subsystem for module [NULL]
LogInit: Build: ++UE4+Release-4.24-CL-11590370
LogInit: Engine Version: 4.24.3-11590370+++UE4+Release-4.24
LogInit: Compatible Engine Version: 4.24.0-10570792+++UE4+Release-4.24
LogInit: Net CL: 10570792
LogInit: OS: Windows 10 (Release 2009) (), CPU: Intel(R) Core(TM) i9-9900K CPU @ 3.60GHz, GPU: NVIDIA GeForce RTX 2080 Ti
LogInit: Compiled (64-bit): Feb 24 2020 15:39:18
LogInit: Compiled with Visual C++: 19.16.27032.01
LogInit: Build Configuration: Development
LogInit: Branch Name: ++UE4+Release-4.24
LogInit: Command Line: 
LogInit: Base Directory: l:/Program Files/Epic Games/UE_4.24/Engine/Binaries/Win64/
LogInit: Installed Engine Build: 1
LogDevObjectVersion: Number of dev versions registered: 25
LogDevObjectVersion:   Dev-Blueprints (B0D832E4-1F89-4F0D-ACCF-7EB736FD4AA2): 10
LogDevObjectVersion:   Dev-Build (E1C64328-A22C-4D53-A36C-8E866417BD8C): 0
LogDevObjectVersion:   Dev-Core (375EC13C-06E4-48FB-B500-84F0262A717E): 3
LogDevObjectVersion:   Dev-Editor (E4B068ED-F494-42E9-A231-DA0B2E46BB41): 37
LogDevObjectVersion:   Dev-Framework (CFFC743F-43B0-4480-9391-14DF171D2073): 36
LogDevObjectVersion:   Dev-Mobile (B02B49B5-BB20-44E9-A304-32B752E40360): 2
LogDevObjectVersion:   Dev-Networking (A4E4105C-59A1-49B5-A7C5-40C4547EDFEE): 0
LogDevObjectVersion:   Dev-Online (39C831C9-5AE6-47DC-9A44-9C173E1C8E7C): 0
LogDevObjectVersion:   Dev-Physics (78F01B33-EBEA-4F98-B9B4-84EACCB95AA2): 2
LogDevObjectVersion:   Dev-Platform (6631380F-2D4D-43E0-8009-CF276956A95A): 0
LogDevObjectVersion:   Dev-Rendering (12F88B9F-8875-4AFC-A67C-D90C383ABD29): 36
LogDevObjectVersion:   Dev-Sequencer (7B5AE74C-D270-4C10-A958-57980B212A5A): 11
LogDevObjectVersion:   Dev-VR (D7296918-1DD6-4BDD-9DE2-64A83CC13884): 2
LogDevObjectVersion:   Dev-LoadTimes (C2A15278-BFE7-4AFE-6C17-90FF531DF755): 1
LogDevObjectVersion:   Private-Geometry (6EACA3D4-40EC-4CC1-B786-8BED09428FC5): 3
LogDevObjectVersion:   Dev-AnimPhys (29E575DD-E0A3-4627-9D10-D276232CDCEA): 17
LogDevObjectVersion:   Dev-Anim (AF43A65D-7FD3-4947-9873-3E8ED9C1BB05): 2
LogDevObjectVersion:   Dev-ReflectionCapture (6B266CEC-1EC7-4B8F-A30B-E4D90942FC07): 1
LogDevObjectVersion:   Dev-Automation (0DF73D61-A23F-47EA-B727-89E90C41499A): 1
LogDevObjectVersion:   FortniteMain (601D1886-AC64-4F84-AA16-D3DE0DEAC7D6): 31
LogDevObjectVersion:   Dev-Enterprise (9DFFBCD6-494F-0158-E221-12823C92A888): 8
LogDevObjectVersion:   Dev-Niagara (F2AED0AC-9AFE-416F-8664-AA7FFA26D6FC): 1
LogDevObjectVersion:   Dev-Destruction (174F1F0B-B4C6-45A5-B13F-2EE8D0FB917D): 9
LogDevObjectVersion:   Dev-Physics-Ext (35F94A83-E258-406C-A318-09F59610247C): 8
LogDevObjectVersion:   Dev-CineCamera (B2E18506-4273-CFC2-A54E-F4BB758BBA07): 1
LogInit: Presizing for max 25165824 objects, including 0 objects not considered by GC, pre-allocating 0 bytes for permanent pool.
LogInit: Object subsystem initialized
LogConfig: Setting CVar [[con.DebugEarlyDefault:1]]
LogConfig: Setting CVar [[r.setres:1280x720]]
[2021.05.04-09.32.50:425][  0]LogConfig: Setting CVar [[r.VSync:0]]
[2021.05.04-09.32.50:425][  0]LogConfig: Setting CVar [[r.RHICmdBypass:0]]
[2021.05.04-09.32.50:425][  0]LogConfig: Applying CVar settings from Section [/Script/Engine.RendererSettings] File [R:/ipg Dropbox/sakai naoya/UE_projects/MBV_Demo_Project/Saved/Config/Windows/Engine.ini]
[2021.05.04-09.32.50:425][  0]LogConfig: Setting CVar [[r.GPUCrashDebugging:0]]
[2021.05.04-09.32.50:425][  0]LogConfig: Setting CVar [[r.Tonemapper.Sharpen:2]]
[2021.05.04-09.32.50:425][  0]LogConfig: Setting CVar [[r.TemporalAA.Upsampling:1]]
[2021.05.04-09.32.50:425][  0]LogConfig: Setting CVar [[r.DefaultFeature.AutoExposure.ExtendDefaultLuminanceRange:1]]
[2021.05.04-09.32.50:425][  0]LogConfig: Setting CVar [[r.LightPropagationVolume:0]]
[2021.05.04-09.32.50:425][  0]LogConfig: Setting CVar [[r.ReflectionCaptureResolution:2048]]
[2021.05.04-09.32.50:425][  0]LogConfig: Setting CVar [[r.AllowStaticLighting:1]]
[2021.05.04-09.32.50:425][  0]LogConfig: Setting CVar [[r.HighResScreenshotDelay:8]]
[2021.05.04-09.32.50:425][  0]LogConfig: Setting CVar [[r.DefaultBackBufferPixelFormat:4]]
[2021.05.04-09.32.50:425][  0]LogConfig: Setting CVar [[r.AllowGlobalClipPlane:0]]
[2021.05.04-09.32.50:425][  0]LogConfig: Setting CVar [[r.SupportSkyAtmosphereAffectsHeightFog:1]]
[2021.05.04-09.32.50:425][  0]LogConfig: Setting CVar [[r.DefaultFeature.LensFlare:1]]
[2021.05.04-09.32.50:425][  0]LogConfig: Setting CVar [[r.ClearCoatNormal:1]]
[2021.05.04-09.32.50:425][  0]LogConfig: Setting CVar [[r.NormalMapsForStaticLighting:0]]
[2021.05.04-09.32.50:425][  0]LogConfig: Setting CVar [[r.GenerateMeshDistanceFields:1]]
[2021.05.04-09.32.50:425][  0]LogConfig: Setting CVar [[r.SkinCache.CompileShaders:1]]
[2021.05.04-09.32.50:425][  0]LogConfig: Setting CVar [[r.RayTracing:1]]
[2021.05.04-09.32.50:425][  0]LogConfig: Applying CVar settings from Section [/Script/Engine.RendererOverrideSettings] File [R:/ipg Dropbox/sakai naoya/UE_projects/MBV_Demo_Project/Saved/Config/Windows/Engine.ini]
[2021.05.04-09.32.50:425][  0]LogConfig: Applying CVar settings from Section [/Script/Engine.StreamingSettings] File [R:/ipg Dropbox/sakai naoya/UE_projects/MBV_Demo_Project/Saved/Config/Windows/Engine.ini]
[2021.05.04-09.32.50:425][  0]LogConfig: Setting CVar [[s.MinBulkDataSizeForAsyncLoading:131072]]
[2021.05.04-09.32.50:425][  0]LogConfig: Setting CVar [[s.AsyncLoadingThreadEnabled:0]]
[2021.05.04-09.32.50:425][  0]LogConfig: Setting CVar [[s.EventDrivenLoaderEnabled:1]]
[2021.05.04-09.32.50:425][  0]LogConfig: Setting CVar [[s.WarnIfTimeLimitExceeded:0]]
[2021.05.04-09.32.50:425][  0]LogConfig: Setting CVar [[s.TimeLimitExceededMultiplier:1.5]]
[2021.05.04-09.32.50:425][  0]LogConfig: Setting CVar [[s.TimeLimitExceededMinTime:0.005]]
[2021.05.04-09.32.50:425][  0]LogConfig: Setting CVar [[s.UseBackgroundLevelStreaming:1]]
[2021.05.04-09.32.50:425][  0]LogConfig: Setting CVar [[s.PriorityAsyncLoadingExtraTime:15.0]]
[2021.05.04-09.32.50:425][  0]LogConfig: Setting CVar [[s.LevelStreamingActorsUpdateTimeLimit:5.0]]
[2021.05.04-09.32.50:425][  0]LogConfig: Setting CVar [[s.PriorityLevelStreamingActorsUpdateExtraTime:5.0]]
[2021.05.04-09.32.50:425][  0]LogConfig: Setting CVar [[s.LevelStreamingComponentsRegistrationGranularity:10]]
[2021.05.04-09.32.50:425][  0]LogConfig: Setting CVar [[s.UnregisterComponentsTimeLimit:1.0]]
[2021.05.04-09.32.50:425][  0]LogConfig: Setting CVar [[s.LevelStreamingComponentsUnregistrationGranularity:5]]
[2021.05.04-09.32.50:425][  0]LogConfig: Setting CVar [[s.FlushStreamingOnExit:1]]
[2021.05.04-09.32.50:425][  0]LogConfig: Applying CVar settings from Section [/Script/Engine.GarbageCollectionSettings] File [R:/ipg Dropbox/sakai naoya/UE_projects/MBV_Demo_Project/Saved/Config/Windows/Engine.ini]
[2021.05.04-09.32.50:425][  0]LogConfig: Setting CVar [[gc.MaxObjectsNotConsideredByGC:1]]
[2021.05.04-09.32.50:425][  0]LogConfig: Setting CVar [[gc.SizeOfPermanentObjectPool:0]]
[2021.05.04-09.32.50:425][  0]LogConfig: Setting CVar [[gc.FlushStreamingOnGC:0]]
[2021.05.04-09.32.50:425][  0]LogConfig: Setting CVar [[gc.NumRetriesBeforeForcingGC:10]]
[2021.05.04-09.32.50:425][  0]LogConfig: Setting CVar [[gc.AllowParallelGC:1]]
[2021.05.04-09.32.50:425][  0]LogConfig: Setting CVar [[gc.TimeBetweenPurgingPendingKillObjects:61.1]]
[2021.05.04-09.32.50:425][  0]LogConfig: Setting CVar [[gc.MaxObjectsInEditor:25165824]]
[2021.05.04-09.32.50:425][  0]LogConfig: Setting CVar [[gc.IncrementalBeginDestroyEnabled:1]]
[2021.05.04-09.32.50:425][  0]LogConfig: Setting CVar [[gc.CreateGCClusters:1]]
[2021.05.04-09.32.50:425][  0]LogConfig: Setting CVar [[gc.MinGCClusterSize:5]]
[2021.05.04-09.32.50:425][  0]LogConfig: Setting CVar [[gc.ActorClusteringEnabled:0]]
[2021.05.04-09.32.50:425][  0]LogConfig: Setting CVar [[gc.BlueprintClusteringEnabled:0]]
[2021.05.04-09.32.50:425][  0]LogConfig: Setting CVar [[gc.UseDisregardForGCOnDedicatedServers:0]]
[2021.05.04-09.32.50:425][  0]LogConfig: Applying CVar settings from Section [/Script/Engine.NetworkSettings] File [R:/ipg Dropbox/sakai naoya/UE_projects/MBV_Demo_Project/Saved/Config/Windows/Engine.ini]
[2021.05.04-09.32.50:425][  0]LogConfig: Applying CVar settings from Section [/Script/UnrealEd.CookerSettings] File [R:/ipg Dropbox/sakai naoya/UE_projects/MBV_Demo_Project/Saved/Config/Windows/Engine.ini]
[2021.05.04-09.32.50:427][  0]LogConfig: Applying CVar settings from Section [ViewDistanceQuality@3] File [R:/ipg Dropbox/sakai naoya/UE_projects/MBV_Demo_Project/Saved/Config/Windows/Scalability.ini]
[2021.05.04-09.32.50:427][  0]LogConfig: Setting CVar [[r.SkeletalMeshLODBias:0]]
[2021.05.04-09.32.50:427][  0]LogConfig: Setting CVar [[r.ViewDistanceScale:1.0]]
[2021.05.04-09.32.50:427][  0]LogConfig: Applying CVar settings from Section [AntiAliasingQuality@3] File [R:/ipg Dropbox/sakai naoya/UE_projects/MBV_Demo_Project/Saved/Config/Windows/Scalability.ini]
[2021.05.04-09.32.50:427][  0]LogConfig: Setting CVar [[r.PostProcessAAQuality:4]]
[2021.05.04-09.32.50:427][  0]LogConfig: Applying CVar settings from Section [ShadowQuality@3] File [R:/ipg Dropbox/sakai naoya/UE_projects/MBV_Demo_Project/Saved/Config/Windows/Scalability.ini]
[2021.05.04-09.32.50:427][  0]LogConfig: Setting CVar [[r.LightFunctionQuality:1]]
[2021.05.04-09.32.50:427][  0]LogConfig: Setting CVar [[r.ShadowQuality:5]]
[2021.05.04-09.32.50:427][  0]LogConfig: Setting CVar [[r.Shadow.CSM.MaxCascades:10]]
[2021.05.04-09.32.50:427][  0]LogConfig: Setting CVar [[r.Shadow.MaxResolution:2048]]
[2021.05.04-09.32.50:427][  0]LogConfig: Setting CVar [[r.Shadow.MaxCSMResolution:2048]]
[2021.05.04-09.32.50:427][  0]LogConfig: Setting CVar [[r.Shadow.RadiusThreshold:0.01]]
[2021.05.04-09.32.50:427][  0]LogConfig: Setting CVar [[r.Shadow.DistanceScale:1.0]]
[2021.05.04-09.32.50:427][  0]LogConfig: Setting CVar [[r.Shadow.CSM.TransitionScale:1.0]]
[2021.05.04-09.32.50:427][  0]LogConfig: Setting CVar [[r.Shadow.PreShadowResolutionFactor:1.0]]
[2021.05.04-09.32.50:427][  0]LogConfig: Setting CVar [[r.DistanceFieldShadowing:1]]
[2021.05.04-09.32.50:427][  0]LogConfig: Setting CVar [[r.DistanceFieldAO:1]]
[2021.05.04-09.32.50:427][  0]LogConfig: Setting CVar [[r.AOQuality:2]]
[2021.05.04-09.32.50:427][  0]LogConfig: Setting CVar [[r.VolumetricFog:1]]
[2021.05.04-09.32.50:427][  0]LogConfig: Setting CVar [[r.VolumetricFog.GridPixelSize:8]]
[2021.05.04-09.32.50:427][  0]LogConfig: Setting CVar [[r.VolumetricFog.GridSizeZ:128]]
[2021.05.04-09.32.50:427][  0]LogConfig: Setting CVar [[r.VolumetricFog.HistoryMissSupersampleCount:4]]
[2021.05.04-09.32.50:427][  0]LogConfig: Setting CVar [[r.LightMaxDrawDistanceScale:1]]
[2021.05.04-09.32.50:427][  0]LogConfig: Setting CVar [[r.CapsuleShadows:1]]
[2021.05.04-09.32.50:427][  0]LogConfig: Applying CVar settings from Section [PostProcessQuality@3] File [R:/ipg Dropbox/sakai naoya/UE_projects/MBV_Demo_Project/Saved/Config/Windows/Scalability.ini]
[2021.05.04-09.32.50:427][  0]LogConfig: Setting CVar [[r.MotionBlurQuality:4]]
[2021.05.04-09.32.50:427][  0]LogConfig: Setting CVar [[r.AmbientOcclusionMipLevelFactor:0.4]]
[2021.05.04-09.32.50:427][  0]LogConfig: Setting CVar [[r.AmbientOcclusionMaxQuality:100]]
[2021.05.04-09.32.50:427][  0]LogConfig: Setting CVar [[r.AmbientOcclusionLevels:-1]]
[2021.05.04-09.32.50:427][  0]LogConfig: Setting CVar [[r.AmbientOcclusionRadiusScale:1.0]]
[2021.05.04-09.32.50:427][  0]LogConfig: Setting CVar [[r.DepthOfFieldQuality:2]]
[2021.05.04-09.32.50:427][  0]LogConfig: Setting CVar [[r.RenderTargetPoolMin:400]]
[2021.05.04-09.32.50:427][  0]LogConfig: Setting CVar [[r.LensFlareQuality:2]]
[2021.05.04-09.32.50:427][  0]LogConfig: Setting CVar [[r.SceneColorFringeQuality:1]]
[2021.05.04-09.32.50:427][  0]LogConfig: Setting CVar [[r.EyeAdaptationQuality:2]]
[2021.05.04-09.32.50:427][  0]LogConfig: Setting CVar [[r.BloomQuality:5]]
[2021.05.04-09.32.50:427][  0]LogConfig: Setting CVar [[r.FastBlurThreshold:100]]
[2021.05.04-09.32.50:427][  0]LogConfig: Setting CVar [[r.Upscale.Quality:3]]
[2021.05.04-09.32.50:427][  0]LogConfig: Setting CVar [[r.Tonemapper.GrainQuantization:1]]
[2021.05.04-09.32.50:427][  0]LogConfig: Setting CVar [[r.LightShaftQuality:1]]
[2021.05.04-09.32.50:427][  0]LogConfig: Setting CVar [[r.Filter.SizeScale:1]]
[2021.05.04-09.32.50:427][  0]LogConfig: Setting CVar [[r.Tonemapper.Quality:5]]
[2021.05.04-09.32.50:427][  0]LogConfig: Setting CVar [[r.DOF.Gather.AccumulatorQuality:1        ; higher gathering accumulator quality]]
[2021.05.04-09.32.50:427][  0]LogConfig: Setting CVar [[r.DOF.Gather.PostfilterMethod:1          ; Median3x3 postfilering method]]
[2021.05.04-09.32.50:427][  0]LogConfig: Setting CVar [[r.DOF.Gather.EnableBokehSettings:0       ; no bokeh simulation when gathering]]
[2021.05.04-09.32.50:427][  0]LogConfig: Setting CVar [[r.DOF.Gather.RingCount:4                 ; medium number of samples when gathering]]
[2021.05.04-09.32.50:427][  0]LogConfig: Setting CVar [[r.DOF.Scatter.ForegroundCompositing:1    ; additive foreground scattering]]
[2021.05.04-09.32.50:427][  0]LogConfig: Setting CVar [[r.DOF.Scatter.BackgroundCompositing:2    ; additive background scattering]]
[2021.05.04-09.32.50:427][  0]LogConfig: Setting CVar [[r.DOF.Scatter.EnableBokehSettings:1      ; bokeh simulation when scattering]]
[2021.05.04-09.32.50:427][  0]LogConfig: Setting CVar [[r.DOF.Scatter.MaxSpriteRatio:0.1         ; only a maximum of 10% of scattered bokeh]]
[2021.05.04-09.32.50:427][  0]LogConfig: Setting CVar [[r.DOF.Recombine.Quality:1                ; cheap slight out of focus]]
[2021.05.04-09.32.50:427][  0]LogConfig: Setting CVar [[r.DOF.Recombine.EnableBokehSettings:0    ; no bokeh simulation on slight out of focus]]
[2021.05.04-09.32.50:427][  0]LogConfig: Setting CVar [[r.DOF.TemporalAAQuality:1                ; more stable temporal accumulation]]
[2021.05.04-09.32.50:427][  0]LogConfig: Setting CVar [[r.DOF.Kernel.MaxForegroundRadius:0.025]]
[2021.05.04-09.32.50:427][  0]LogConfig: Setting CVar [[r.DOF.Kernel.MaxBackgroundRadius:0.025]]
[2021.05.04-09.32.50:427][  0]LogConfig: Applying CVar settings from Section [TextureQuality@3] File [R:/ipg Dropbox/sakai naoya/UE_projects/MBV_Demo_Project/Saved/Config/Windows/Scalability.ini]
[2021.05.04-09.32.50:427][  0]LogConfig: Setting CVar [[r.Streaming.MipBias:0]]
[2021.05.04-09.32.50:427][  0]LogConfig: Setting CVar [[r.Streaming.AmortizeCPUToGPUCopy:0]]
[2021.05.04-09.32.50:427][  0]LogConfig: Setting CVar [[r.Streaming.MaxNumTexturesToStreamPerFrame:0]]
[2021.05.04-09.32.50:427][  0]LogConfig: Setting CVar [[r.Streaming.Boost:1]]
[2021.05.04-09.32.50:427][  0]LogConfig: Setting CVar [[r.MaxAnisotropy:8]]
[2021.05.04-09.32.50:427][  0]LogConfig: Setting CVar [[r.VT.MaxAnisotropy:8]]
[2021.05.04-09.32.50:427][  0]LogConfig: Setting CVar [[r.Streaming.LimitPoolSizeToVRAM:0]]
[2021.05.04-09.32.50:427][  0]LogConfig: Setting CVar [[r.Streaming.PoolSize:1000]]
[2021.05.04-09.32.50:427][  0]LogConfig: Setting CVar [[r.Streaming.MaxEffectiveScreenSize:0]]
[2021.05.04-09.32.50:427][  0]LogConfig: Applying CVar settings from Section [EffectsQuality@3] File [R:/ipg Dropbox/sakai naoya/UE_projects/MBV_Demo_Project/Saved/Config/Windows/Scalability.ini]
[2021.05.04-09.32.50:427][  0]LogConfig: Setting CVar [[r.TranslucencyLightingVolumeDim:64]]
[2021.05.04-09.32.50:427][  0]LogConfig: Setting CVar [[r.RefractionQuality:2]]
[2021.05.04-09.32.50:427][  0]LogConfig: Setting CVar [[r.SSR.Quality:3]]
[2021.05.04-09.32.50:427][  0]LogConfig: Setting CVar [[r.SSR.HalfResSceneColor:0]]
[2021.05.04-09.32.50:427][  0]LogConfig: Setting CVar [[r.SceneColorFormat:4]]
[2021.05.04-09.32.50:427][  0]LogConfig: Setting CVar [[r.DetailMode:2]]
[2021.05.04-09.32.50:428][  0]LogConfig: Setting CVar [[r.TranslucencyVolumeBlur:1]]
[2021.05.04-09.32.50:428][  0]LogConfig: Setting CVar [[r.MaterialQualityLevel:1 ; High quality]]
[2021.05.04-09.32.50:428][  0]LogConfig: Setting CVar [[r.SSS.Scale:1]]
[2021.05.04-09.32.50:428][  0]LogConfig: Setting CVar [[r.SSS.SampleSet:2]]
[2021.05.04-09.32.50:428][  0]LogConfig: Setting CVar [[r.SSS.Quality:1]]
[2021.05.04-09.32.50:428][  0]LogConfig: Setting CVar [[r.SSS.HalfRes:1]]
[2021.05.04-09.32.50:428][  0]LogConfig: Setting CVar [[r.SSGI.Quality:3]]
[2021.05.04-09.32.50:428][  0]LogConfig: Setting CVar [[r.EmitterSpawnRateScale:1.0]]
[2021.05.04-09.32.50:428][  0]LogConfig: Setting CVar [[r.ParticleLightQuality:2]]
[2021.05.04-09.32.50:428][  0]LogConfig: Setting CVar [[r.SkyAtmosphere.AerialPerspectiveLUT.FastApplyOnOpaque:1 ; Always have FastSkyLUT 1 in this case to avoid wrong sky]]
[2021.05.04-09.32.50:428][  0]LogConfig: Setting CVar [[r.SkyAtmosphere.AerialPerspectiveLUT.SampleCountPerSlice:1]]
[2021.05.04-09.32.50:428][  0]LogConfig: Setting CVar [[r.SkyAtmosphere.AerialPerspectiveLUT.DepthResolution:16.0]]
[2021.05.04-09.32.50:428][  0]LogConfig: Setting CVar [[r.SkyAtmosphere.FastSkyLUT:1]]
[2021.05.04-09.32.50:428][  0]LogConfig: Setting CVar [[r.SkyAtmosphere.FastSkyLUT.SampleCountMin:4.0]]
[2021.05.04-09.32.50:428][  0]LogConfig: Setting CVar [[r.SkyAtmosphere.FastSkyLUT.SampleCountMax:32.0]]
[2021.05.04-09.32.50:428][  0]LogConfig: Setting CVar [[r.SkyAtmosphere.SampleCountMin:4.0]]
[2021.05.04-09.32.50:428][  0]LogConfig: Setting CVar [[r.SkyAtmosphere.SampleCountMax:32.0]]
[2021.05.04-09.32.50:428][  0]LogConfig: Setting CVar [[r.SkyAtmosphere.TransmittanceLUT.UseSmallFormat:0]]
[2021.05.04-09.32.50:428][  0]LogConfig: Setting CVar [[r.SkyAtmosphere.TransmittanceLUT.SampleCount:10.0]]
[2021.05.04-09.32.50:428][  0]LogConfig: Setting CVar [[r.SkyAtmosphere.MultiScatteringLUT.SampleCount:15.0]]
[2021.05.04-09.32.50:428][  0]LogConfig: Applying CVar settings from Section [FoliageQuality@3] File [R:/ipg Dropbox/sakai naoya/UE_projects/MBV_Demo_Project/Saved/Config/Windows/Scalability.ini]
[2021.05.04-09.32.50:428][  0]LogConfig: Setting CVar [[foliage.DensityScale:1.0]]
[2021.05.04-09.32.50:428][  0]LogConfig: Setting CVar [[grass.DensityScale:1.0]]
[2021.05.04-09.32.50:428][  0]LogConfig: Applying CVar settings from Section [ShadingQuality@3] File [R:/ipg Dropbox/sakai naoya/UE_projects/MBV_Demo_Project/Saved/Config/Windows/Scalability.ini]
[2021.05.04-09.32.50:428][  0]LogConfig: Setting CVar [[r.HairStrands.SkyLighting.SampleCount:16]]
[2021.05.04-09.32.50:428][  0]LogConfig: Setting CVar [[r.HairStrands.SkyLighting.JitterIntegration:0]]
[2021.05.04-09.32.50:428][  0]LogConfig: Setting CVar [[r.HairStrands.SkyAO.SampleCount:16]]
[2021.05.04-09.32.50:428][  0]LogInit: Selected Device Profile: [Windows]
[2021.05.04-09.32.50:428][  0]LogInit: Applying CVar settings loaded from the selected device profile: [Windows]
[2021.05.04-09.32.50:430][  0]LogHAL: Display: Platform has ~ 32 GB [34276769792 / 34359738368 / 32], which maps to Largest [LargestMinGB=32, LargerMinGB=12, DefaultMinGB=8, SmallerMinGB=6, SmallestMinGB=0)
[2021.05.04-09.32.50:430][  0]LogInit: Going up to parent DeviceProfile []
[2021.05.04-09.32.50:430][  0]LogConfig: Applying CVar settings from Section [ViewDistanceQuality@3] File [R:/ipg Dropbox/sakai naoya/UE_projects/MBV_Demo_Project/Saved/Config/Windows/Scalability.ini]
[2021.05.04-09.32.50:430][  0]LogConfig: Setting CVar [[r.SkeletalMeshLODBias:0]]
[2021.05.04-09.32.50:430][  0]LogConfig: Setting CVar [[r.ViewDistanceScale:1.0]]
[2021.05.04-09.32.50:430][  0]LogConfig: Applying CVar settings from Section [AntiAliasingQuality@3] File [R:/ipg Dropbox/sakai naoya/UE_projects/MBV_Demo_Project/Saved/Config/Windows/Scalability.ini]
[2021.05.04-09.32.50:430][  0]LogConfig: Setting CVar [[r.PostProcessAAQuality:4]]
[2021.05.04-09.32.50:430][  0]LogConfig: Applying CVar settings from Section [ShadowQuality@3] File [R:/ipg Dropbox/sakai naoya/UE_projects/MBV_Demo_Project/Saved/Config/Windows/Scalability.ini]
[2021.05.04-09.32.50:430][  0]LogConfig: Setting CVar [[r.LightFunctionQuality:1]]
[2021.05.04-09.32.50:430][  0]LogConfig: Setting CVar [[r.ShadowQuality:5]]
[2021.05.04-09.32.50:430][  0]LogConfig: Setting CVar [[r.Shadow.CSM.MaxCascades:10]]
[2021.05.04-09.32.50:430][  0]LogConfig: Setting CVar [[r.Shadow.MaxResolution:2048]]
[2021.05.04-09.32.50:430][  0]LogConfig: Setting CVar [[r.Shadow.MaxCSMResolution:2048]]
[2021.05.04-09.32.50:430][  0]LogConfig: Setting CVar [[r.Shadow.RadiusThreshold:0.01]]
[2021.05.04-09.32.50:430][  0]LogConfig: Setting CVar [[r.Shadow.DistanceScale:1.0]]
[2021.05.04-09.32.50:430][  0]LogConfig: Setting CVar [[r.Shadow.CSM.TransitionScale:1.0]]
[2021.05.04-09.32.50:430][  0]LogConfig: Setting CVar [[r.Shadow.PreShadowResolutionFactor:1.0]]
[2021.05.04-09.32.50:430][  0]LogConfig: Setting CVar [[r.DistanceFieldShadowing:1]]
[2021.05.04-09.32.50:430][  0]LogConfig: Setting CVar [[r.DistanceFieldAO:1]]
[2021.05.04-09.32.50:430][  0]LogConfig: Setting CVar [[r.AOQuality:2]]
[2021.05.04-09.32.50:430][  0]LogConfig: Setting CVar [[r.VolumetricFog:1]]
[2021.05.04-09.32.50:430][  0]LogConfig: Setting CVar [[r.VolumetricFog.GridPixelSize:8]]
[2021.05.04-09.32.50:430][  0]LogConfig: Setting CVar [[r.VolumetricFog.GridSizeZ:128]]
[2021.05.04-09.32.50:430][  0]LogConfig: Setting CVar [[r.VolumetricFog.HistoryMissSupersampleCount:4]]
[2021.05.04-09.32.50:430][  0]LogConfig: Setting CVar [[r.LightMaxDrawDistanceScale:1]]
[2021.05.04-09.32.50:430][  0]LogConfig: Setting CVar [[r.CapsuleShadows:1]]
[2021.05.04-09.32.50:430][  0]LogConfig: Applying CVar settings from Section [PostProcessQuality@3] File [R:/ipg Dropbox/sakai naoya/UE_projects/MBV_Demo_Project/Saved/Config/Windows/Scalability.ini]
[2021.05.04-09.32.50:430][  0]LogConfig: Setting CVar [[r.MotionBlurQuality:4]]
[2021.05.04-09.32.50:430][  0]LogConfig: Setting CVar [[r.AmbientOcclusionMipLevelFactor:0.4]]
[2021.05.04-09.32.50:430][  0]LogConfig: Setting CVar [[r.AmbientOcclusionMaxQuality:100]]
[2021.05.04-09.32.50:430][  0]LogConfig: Setting CVar [[r.AmbientOcclusionLevels:-1]]
[2021.05.04-09.32.50:430][  0]LogConfig: Setting CVar [[r.AmbientOcclusionRadiusScale:1.0]]
[2021.05.04-09.32.50:430][  0]LogConfig: Setting CVar [[r.DepthOfFieldQuality:2]]
[2021.05.04-09.32.50:430][  0]LogConfig: Setting CVar [[r.RenderTargetPoolMin:400]]
[2021.05.04-09.32.50:430][  0]LogConfig: Setting CVar [[r.LensFlareQuality:2]]
[2021.05.04-09.32.50:430][  0]LogConfig: Setting CVar [[r.SceneColorFringeQuality:1]]
[2021.05.04-09.32.50:430][  0]LogConfig: Setting CVar [[r.EyeAdaptationQuality:2]]
[2021.05.04-09.32.50:430][  0]LogConfig: Setting CVar [[r.BloomQuality:5]]
[2021.05.04-09.32.50:430][  0]LogConfig: Setting CVar [[r.FastBlurThreshold:100]]
[2021.05.04-09.32.50:430][  0]LogConfig: Setting CVar [[r.Upscale.Quality:3]]
[2021.05.04-09.32.50:430][  0]LogConfig: Setting CVar [[r.Tonemapper.GrainQuantization:1]]
[2021.05.04-09.32.50:430][  0]LogConfig: Setting CVar [[r.LightShaftQuality:1]]
[2021.05.04-09.32.50:430][  0]LogConfig: Setting CVar [[r.Filter.SizeScale:1]]
[2021.05.04-09.32.50:430][  0]LogConfig: Setting CVar [[r.Tonemapper.Quality:5]]
[2021.05.04-09.32.50:431][  0]LogConfig: Setting CVar [[r.DOF.Gather.AccumulatorQuality:1        ; higher gathering accumulator quality]]
[2021.05.04-09.32.50:431][  0]LogConfig: Setting CVar [[r.DOF.Gather.PostfilterMethod:1          ; Median3x3 postfilering method]]
[2021.05.04-09.32.50:431][  0]LogConfig: Setting CVar [[r.DOF.Gather.EnableBokehSettings:0       ; no bokeh simulation when gathering]]
[2021.05.04-09.32.50:431][  0]LogConfig: Setting CVar [[r.DOF.Gather.RingCount:4                 ; medium number of samples when gathering]]
[2021.05.04-09.32.50:431][  0]LogConfig: Setting CVar [[r.DOF.Scatter.ForegroundCompositing:1    ; additive foreground scattering]]
[2021.05.04-09.32.50:431][  0]LogConfig: Setting CVar [[r.DOF.Scatter.BackgroundCompositing:2    ; additive background scattering]]
[2021.05.04-09.32.50:431][  0]LogConfig: Setting CVar [[r.DOF.Scatter.EnableBokehSettings:1      ; bokeh simulation when scattering]]
[2021.05.04-09.32.50:431][  0]LogConfig: Setting CVar [[r.DOF.Scatter.MaxSpriteRatio:0.1         ; only a maximum of 10% of scattered bokeh]]
[2021.05.04-09.32.50:431][  0]LogConfig: Setting CVar [[r.DOF.Recombine.Quality:1                ; cheap slight out of focus]]
[2021.05.04-09.32.50:431][  0]LogConfig: Setting CVar [[r.DOF.Recombine.EnableBokehSettings:0    ; no bokeh simulation on slight out of focus]]
[2021.05.04-09.32.50:431][  0]LogConfig: Setting CVar [[r.DOF.TemporalAAQuality:1                ; more stable temporal accumulation]]
[2021.05.04-09.32.50:431][  0]LogConfig: Setting CVar [[r.DOF.Kernel.MaxForegroundRadius:0.025]]
[2021.05.04-09.32.50:431][  0]LogConfig: Setting CVar [[r.DOF.Kernel.MaxBackgroundRadius:0.025]]
[2021.05.04-09.32.50:431][  0]LogConfig: Applying CVar settings from Section [TextureQuality@3] File [R:/ipg Dropbox/sakai naoya/UE_projects/MBV_Demo_Project/Saved/Config/Windows/Scalability.ini]
[2021.05.04-09.32.50:431][  0]LogConfig: Setting CVar [[r.Streaming.MipBias:0]]
[2021.05.04-09.32.50:431][  0]LogConfig: Setting CVar [[r.Streaming.AmortizeCPUToGPUCopy:0]]
[2021.05.04-09.32.50:431][  0]LogConfig: Setting CVar [[r.Streaming.MaxNumTexturesToStreamPerFrame:0]]
[2021.05.04-09.32.50:431][  0]LogConfig: Setting CVar [[r.Streaming.Boost:1]]
[2021.05.04-09.32.50:431][  0]LogConfig: Setting CVar [[r.MaxAnisotropy:8]]
[2021.05.04-09.32.50:431][  0]LogConfig: Setting CVar [[r.VT.MaxAnisotropy:8]]
[2021.05.04-09.32.50:431][  0]LogConfig: Setting CVar [[r.Streaming.LimitPoolSizeToVRAM:0]]
[2021.05.04-09.32.50:431][  0]LogConfig: Setting CVar [[r.Streaming.PoolSize:1000]]
[2021.05.04-09.32.50:431][  0]LogConfig: Setting CVar [[r.Streaming.MaxEffectiveScreenSize:0]]
[2021.05.04-09.32.50:431][  0]LogConfig: Applying CVar settings from Section [EffectsQuality@3] File [R:/ipg Dropbox/sakai naoya/UE_projects/MBV_Demo_Project/Saved/Config/Windows/Scalability.ini]
[2021.05.04-09.32.50:431][  0]LogConfig: Setting CVar [[r.TranslucencyLightingVolumeDim:64]]
[2021.05.04-09.32.50:431][  0]LogConfig: Setting CVar [[r.RefractionQuality:2]]
[2021.05.04-09.32.50:431][  0]LogConfig: Setting CVar [[r.SSR.Quality:3]]
[2021.05.04-09.32.50:431][  0]LogConfig: Setting CVar [[r.SSR.HalfResSceneColor:0]]
[2021.05.04-09.32.50:431][  0]LogConfig: Setting CVar [[r.SceneColorFormat:4]]
[2021.05.04-09.32.50:431][  0]LogConfig: Setting CVar [[r.DetailMode:2]]
[2021.05.04-09.32.50:431][  0]LogConfig: Setting CVar [[r.TranslucencyVolumeBlur:1]]
[2021.05.04-09.32.50:431][  0]LogConfig: Setting CVar [[r.MaterialQualityLevel:1 ; High quality]]
[2021.05.04-09.32.50:431][  0]LogConfig: Setting CVar [[r.SSS.Scale:1]]
[2021.05.04-09.32.50:431][  0]LogConfig: Setting CVar [[r.SSS.SampleSet:2]]
[2021.05.04-09.32.50:431][  0]LogConfig: Setting CVar [[r.SSS.Quality:1]]
[2021.05.04-09.32.50:431][  0]LogConfig: Setting CVar [[r.SSS.HalfRes:1]]
[2021.05.04-09.32.50:431][  0]LogConfig: Setting CVar [[r.SSGI.Quality:3]]
[2021.05.04-09.32.50:431][  0]LogConfig: Setting CVar [[r.EmitterSpawnRateScale:1.0]]
[2021.05.04-09.32.50:431][  0]LogConfig: Setting CVar [[r.ParticleLightQuality:2]]
[2021.05.04-09.32.50:431][  0]LogConfig: Setting CVar [[r.SkyAtmosphere.AerialPerspectiveLUT.FastApplyOnOpaque:1 ; Always have FastSkyLUT 1 in this case to avoid wrong sky]]
[2021.05.04-09.32.50:431][  0]LogConfig: Setting CVar [[r.SkyAtmosphere.AerialPerspectiveLUT.SampleCountPerSlice:1]]
[2021.05.04-09.32.50:431][  0]LogConfig: Setting CVar [[r.SkyAtmosphere.AerialPerspectiveLUT.DepthResolution:16.0]]
[2021.05.04-09.32.50:431][  0]LogConfig: Setting CVar [[r.SkyAtmosphere.FastSkyLUT:1]]
[2021.05.04-09.32.50:431][  0]LogConfig: Setting CVar [[r.SkyAtmosphere.FastSkyLUT.SampleCountMin:4.0]]
[2021.05.04-09.32.50:431][  0]LogConfig: Setting CVar [[r.SkyAtmosphere.FastSkyLUT.SampleCountMax:32.0]]
[2021.05.04-09.32.50:431][  0]LogConfig: Setting CVar [[r.SkyAtmosphere.SampleCountMin:4.0]]
[2021.05.04-09.32.50:431][  0]LogConfig: Setting CVar [[r.SkyAtmosphere.SampleCountMax:32.0]]
[2021.05.04-09.32.50:431][  0]LogConfig: Setting CVar [[r.SkyAtmosphere.TransmittanceLUT.UseSmallFormat:0]]
[2021.05.04-09.32.50:431][  0]LogConfig: Setting CVar [[r.SkyAtmosphere.TransmittanceLUT.SampleCount:10.0]]
[2021.05.04-09.32.50:431][  0]LogConfig: Setting CVar [[r.SkyAtmosphere.MultiScatteringLUT.SampleCount:15.0]]
[2021.05.04-09.32.50:431][  0]LogConfig: Applying CVar settings from Section [FoliageQuality@3] File [R:/ipg Dropbox/sakai naoya/UE_projects/MBV_Demo_Project/Saved/Config/Windows/Scalability.ini]
[2021.05.04-09.32.50:431][  0]LogConfig: Setting CVar [[foliage.DensityScale:1.0]]
[2021.05.04-09.32.50:431][  0]LogConfig: Setting CVar [[grass.DensityScale:1.0]]
[2021.05.04-09.32.50:431][  0]LogConfig: Applying CVar settings from Section [ShadingQuality@3] File [R:/ipg Dropbox/sakai naoya/UE_projects/MBV_Demo_Project/Saved/Config/Windows/Scalability.ini]
[2021.05.04-09.32.50:431][  0]LogConfig: Setting CVar [[r.HairStrands.SkyLighting.SampleCount:16]]
[2021.05.04-09.32.50:431][  0]LogConfig: Setting CVar [[r.HairStrands.SkyLighting.JitterIntegration:0]]
[2021.05.04-09.32.50:431][  0]LogConfig: Setting CVar [[r.HairStrands.SkyAO.SampleCount:16]]
[2021.05.04-09.32.50:431][  0]LogConfig: Applying CVar settings from Section [Startup] File [../../../Engine/Config/ConsoleVariables.ini]
[2021.05.04-09.32.50:432][  0]LogConfig: Setting CVar [[net.UseAdaptiveNetUpdateFrequency:0]]
[2021.05.04-09.32.50:432][  0]LogConfig: Setting CVar [[p.chaos.AllowCreatePhysxBodies:1]]
[2021.05.04-09.32.50:432][  0]LogConfig: Applying CVar settings from Section [ConsoleVariables] File [R:/ipg Dropbox/sakai naoya/UE_projects/MBV_Demo_Project/Saved/Config/Windows/Engine.ini]
[2021.05.04-09.32.50:432][  0]LogInit: Computer: DESKTOP-NMAN98D
[2021.05.04-09.32.50:432][  0]LogInit: User: ipg
[2021.05.04-09.32.50:432][  0]LogInit: CPU Page size=4096, Cores=8
[2021.05.04-09.32.50:432][  0]LogInit: High frequency timer resolution =10.000000 MHz
[2021.05.04-09.32.50:432][  0]LogMemory: Memory total: Physical=31.9GB (32GB approx)
[2021.05.04-09.32.50:432][  0]LogMemory: Platform Memory Stats for Windows
[2021.05.04-09.32.50:432][  0]LogMemory: Process Physical Memory: 109.82 MB used, 109.83 MB peak
[2021.05.04-09.32.50:432][  0]LogMemory: Process Virtual Memory: 102.98 MB used, 102.98 MB peak
[2021.05.04-09.32.50:432][  0]LogMemory: Physical Memory: 9500.05 MB used,  23188.82 MB free, 32688.88 MB total
[2021.05.04-09.32.50:432][  0]LogMemory: Virtual Memory: 5185.84 MB used,  134212544.00 MB free, 134217728.00 MB total
[2021.05.04-09.32.50:434][  0]LogWindows: WindowsPlatformFeatures enabled
[2021.05.04-09.32.50:465][  0]LogInit: Overriding language with editor language configuration option (en).
[2021.05.04-09.32.50:465][  0]LogInit: Overriding locale with editor locale configuration option (en).
[2021.05.04-09.32.50:545][  0]LogInit: Setting process to per monitor DPI aware
[2021.05.04-09.32.50:563][  0]LogSlate: New Slate User Created.  User Index 0, Is Virtual User: 0
[2021.05.04-09.32.50:563][  0]LogSlate: Slate User Registered.  User Index 0, Is Virtual User: 0
[2021.05.04-09.32.50:682][  0]LogD3D12RHI: Aftermath initialized
[2021.05.04-09.32.50:682][  0]LogD3D12RHI: Loading WinPixEventRuntime.dll for PIX profiling (from ../../../Engine/Binaries/ThirdParty/Windows/DirectX/x64).
[2021.05.04-09.32.50:686][  0]LogHMD: Failed to initialize OpenVR with code 110
[2021.05.04-09.32.50:787][  0]LogD3D12RHI: Found D3D12 adapter 0: NVIDIA GeForce RTX 2080 Ti (Max supported Feature Level 12_1)
[2021.05.04-09.32.50:787][  0]LogD3D12RHI: Adapter has 11049MB of dedicated video memory, 0MB of dedicated system memory, and 16344MB of shared system memory, 1 output[s]
[2021.05.04-09.32.50:795][  0]LogD3D12RHI: Found D3D12 adapter 1: Microsoft Basic Render Driver (Max supported Feature Level 12_1)
[2021.05.04-09.32.50:795][  0]LogD3D12RHI: Adapter has 0MB of dedicated video memory, 0MB of dedicated system memory, and 16344MB of shared system memory, 0 output[s]
[2021.05.04-09.32.50:795][  0]LogD3D12RHI: Forcing D3D12.AsyncDeferredDeletion=0 as a workaround for a deadlock.
[2021.05.04-09.32.50:795][  0]LogD3D12RHI: Chosen D3D12 Adapter Id = 0
[2021.05.04-09.32.50:800][  0]LogD3D12RHI: Emitting draw events for PIX profiling.
[2021.05.04-09.32.50:862][  0]LogD3D12RHI: D3D12 ray tracing enabled.
[2021.05.04-09.32.50:862][  0]LogD3D12RHI: The system supports ID3D12Device1.
[2021.05.04-09.32.50:862][  0]LogD3D12RHI: The system supports ID3D12Device2.
[2021.05.04-09.32.50:943][  0]LogD3D12RHI: Display: Not using pipeline state disk cache per r.D3D12.PSO.DiskCache=0
[2021.05.04-09.32.50:943][  0]LogD3D12RHI: Display: Not using driver-optimized pipeline state disk cache per r.D3D12.PSO.DriverOptimizedDiskCache=0
[2021.05.04-09.32.50:943][  0]LogD3D12RHI:     GPU DeviceId: 0x1e07 (for the marketing name, search the web for "GPU Device Id")
[2021.05.04-09.32.50:943][  0]LogWindows: EnumDisplayDevices:
[2021.05.04-09.32.50:944][  0]LogWindows:    0. 'NVIDIA GeForce RTX 2080 Ti' (P:1 D:1)
[2021.05.04-09.32.50:944][  0]LogWindows:    1. 'NVIDIA GeForce RTX 2080 Ti' (P:0 D:0)
[2021.05.04-09.32.50:944][  0]LogWindows:    2. 'NVIDIA GeForce RTX 2080 Ti' (P:0 D:0)
[2021.05.04-09.32.50:944][  0]LogWindows:    3. 'NVIDIA GeForce RTX 2080 Ti' (P:0 D:0)
[2021.05.04-09.32.50:945][  0]LogWindows: DebugString: FoundDriverCount:4 
[2021.05.04-09.32.50:945][  0]LogD3D12RHI:     Adapter Name: NVIDIA GeForce RTX 2080 Ti
[2021.05.04-09.32.50:945][  0]LogD3D12RHI:   Driver Version: 456.71 (internal:27.21.14.5671, unified:456.71)
[2021.05.04-09.32.50:945][  0]LogD3D12RHI:      Driver Date: 9-30-2020
[2021.05.04-09.32.50:945][  0]LogRHI: Texture pool is 6477 MB (70% of 9252 MB)
[2021.05.04-09.32.50:945][  0]LogD3D12RHI: Async texture creation enabled
[2021.05.04-09.32.50:945][  0]LogD3D12RHI: RHI has support for 64 bit atomics
[2021.05.04-09.32.51:158][  0]LogTargetPlatformManager: Display: Loaded TargetPlatform 'AllDesktop'
[2021.05.04-09.32.51:180][  0]LogTargetPlatformManager: Display: Loaded TargetPlatform 'Android'
[2021.05.04-09.32.51:180][  0]LogTargetPlatformManager: Display: Loaded TargetPlatform 'Android_ASTC'
[2021.05.04-09.32.51:180][  0]LogTargetPlatformManager: Display: Loaded TargetPlatform 'Android_ATC'
[2021.05.04-09.32.51:180][  0]LogTargetPlatformManager: Display: Loaded TargetPlatform 'Android_DXT'
[2021.05.04-09.32.51:180][  0]LogTargetPlatformManager: Display: Loaded TargetPlatform 'Android_ETC1'
[2021.05.04-09.32.51:180][  0]LogTargetPlatformManager: Display: Loaded TargetPlatform 'Android_ETC1a'
[2021.05.04-09.32.51:180][  0]LogTargetPlatformManager: Display: Loaded TargetPlatform 'Android_ETC2'
[2021.05.04-09.32.51:180][  0]LogTargetPlatformManager: Display: Loaded TargetPlatform 'Android_PVRTC'
[2021.05.04-09.32.51:180][  0]LogTargetPlatformManager: Display: Loaded TargetPlatform 'AndroidClient'
[2021.05.04-09.32.51:180][  0]LogTargetPlatformManager: Display: Loaded TargetPlatform 'Android_ASTCClient'
[2021.05.04-09.32.51:180][  0]LogTargetPlatformManager: Display: Loaded TargetPlatform 'Android_ATCClient'
[2021.05.04-09.32.51:180][  0]LogTargetPlatformManager: Display: Loaded TargetPlatform 'Android_DXTClient'
[2021.05.04-09.32.51:180][  0]LogTargetPlatformManager: Display: Loaded TargetPlatform 'Android_ETC1Client'
[2021.05.04-09.32.51:180][  0]LogTargetPlatformManager: Display: Loaded TargetPlatform 'Android_ETC1aClient'
[2021.05.04-09.32.51:180][  0]LogTargetPlatformManager: Display: Loaded TargetPlatform 'Android_ETC2Client'
[2021.05.04-09.32.51:180][  0]LogTargetPlatformManager: Display: Loaded TargetPlatform 'Android_PVRTCClient'
[2021.05.04-09.32.51:180][  0]LogTargetPlatformManager: Display: Loaded TargetPlatform 'Android_Multi'
[2021.05.04-09.32.51:180][  0]LogTargetPlatformManager: Display: Loaded TargetPlatform 'Android_MultiClient'
[2021.05.04-09.32.51:194][  0]LogTargetPlatformManager: Display: Loaded TargetPlatform 'IOSClient'
[2021.05.04-09.32.51:194][  0]LogTargetPlatformManager: Display: Loaded TargetPlatform 'IOS'
[2021.05.04-09.32.51:200][  0]LogTargetPlatformManager: Display: Loaded TargetPlatform 'LinuxNoEditor'
[2021.05.04-09.32.51:205][  0]LogTargetPlatformManager: Display: Loaded TargetPlatform 'LinuxClient'
[2021.05.04-09.32.51:211][  0]LogTargetPlatformManager: Display: Loaded TargetPlatform 'LinuxServer'
[2021.05.04-09.32.51:217][  0]LogTargetPlatformManager: Display: Loaded TargetPlatform 'LinuxAArch64NoEditor'
[2021.05.04-09.32.51:222][  0]LogTargetPlatformManager: Display: Loaded TargetPlatform 'LinuxAArch64Client'
[2021.05.04-09.32.51:227][  0]LogTargetPlatformManager: Display: Loaded TargetPlatform 'LinuxAArch64Server'
[2021.05.04-09.32.51:248][  0]LogTargetPlatformManager: Display: Loaded TargetPlatform 'Lumin'
[2021.05.04-09.32.51:248][  0]LogTargetPlatformManager: Display: Loaded TargetPlatform 'LuminClient'
[2021.05.04-09.32.51:258][  0]LogTargetPlatformManager: Display: Loaded TargetPlatform 'TVOSClient'
[2021.05.04-09.32.51:258][  0]LogTargetPlatformManager: Display: Loaded TargetPlatform 'TVOS'
[2021.05.04-09.32.51:264][  0]LogTargetPlatformManager: Display: Loaded TargetPlatform 'WindowsNoEditor'
[2021.05.04-09.32.51:270][  0]LogTargetPlatformManager: Display: Loaded TargetPlatform 'Windows'
[2021.05.04-09.32.51:275][  0]LogTargetPlatformManager: Display: Loaded TargetPlatform 'WindowsClient'
[2021.05.04-09.32.51:281][  0]LogTargetPlatformManager: Display: Loaded TargetPlatform 'WindowsServer'
[2021.05.04-09.32.51:281][  0]LogTargetPlatformManager: Display: Building Assets For Windows
[2021.05.04-09.32.51:283][  0]LogAudioDebug: Display: Lib vorbis DLL was dynamically loaded.
[2021.05.04-09.32.51:298][  0]LogShaderCompilers: Guid format shader working directory is -12 characters bigger than the processId version (R:/ipg Dropbox/sakai naoya/UE_projects/MBV_Demo_Project/Intermediate/Shaders/WorkingDirectory/16736/).
[2021.05.04-09.32.51:298][  0]LogShaderCompilers: Cleaned the shader compiler working directory 'C:/Users/ipg/AppData/Local/Temp/UnrealShaderWorkingDir/2FCF71054D8FB4974303648528055A32/'.
[2021.05.04-09.32.51:298][  0]LogXGEController: Cleaning working directory: C:/Users/ipg/AppData/Local/Temp/UnrealXGEWorkingDir/
[2021.05.04-09.32.51:299][  0]LogXGEController: Cannot use XGE Controller as Incredibuild is not installed on this machine.
[2021.05.04-09.32.51:299][  0]LogShaderCompilers: Cannot use XGE Shader Compiler as Incredibuild is not installed on this machine.
[2021.05.04-09.32.51:299][  0]LogShaderCompilers: Display: Using Local Shader Compiler.
[2021.05.04-09.32.51:864][  0]LogDerivedDataCache: Display: Max Cache Size: 512 MB
[2021.05.04-09.32.51:924][  0]LogDerivedDataCache: Loaded boot cache 0.06s 146MB C:/Users/ipg/AppData/Local/UnrealEngine/4.24/DerivedDataCache/Boot.ddc.
[2021.05.04-09.32.51:924][  0]LogDerivedDataCache: Display: Loaded Boot cache: C:/Users/ipg/AppData/Local/UnrealEngine/4.24/DerivedDataCache/Boot.ddc
[2021.05.04-09.32.51:924][  0]LogDerivedDataCache: FDerivedDataBackendGraph:  Pak pak cache file R:/ipg Dropbox/sakai naoya/UE_projects/MBV_Demo_Project/DerivedDataCache/DDC.ddp not found, will not use a pak cache.
[2021.05.04-09.32.51:924][  0]LogDerivedDataCache: Unable to find inner node Pak for hierarchical cache Hierarchy.
[2021.05.04-09.32.51:924][  0]LogDerivedDataCache: FDerivedDataBackendGraph:  CompressedPak pak cache file R:/ipg Dropbox/sakai naoya/UE_projects/MBV_Demo_Project/DerivedDataCache/Compressed.ddp not found, will not use a pak cache.
[2021.05.04-09.32.51:924][  0]LogDerivedDataCache: Unable to find inner node CompressedPak for hierarchical cache Hierarchy.
[2021.05.04-09.32.51:932][  0]LogDerivedDataCache: Display: Pak cache opened for reading ../../../Engine/DerivedDataCache/Compressed.ddp.
[2021.05.04-09.32.51:932][  0]LogDerivedDataCache: FDerivedDataBackendGraph:  EnterprisePak pak cache file ../../../Enterprise/DerivedDataCache/Compressed.ddp not found, will not use a pak cache.
[2021.05.04-09.32.51:932][  0]LogDerivedDataCache: Unable to find inner node EnterprisePak for hierarchical cache Hierarchy.
[2021.05.04-09.32.51:933][  0]LogDerivedDataCache: Using Local data cache path C:/Users/ipg/AppData/Local/UnrealEngine/Common/DerivedDataCache: Writable
[2021.05.04-09.32.51:933][  0]LogDerivedDataCache: Shared data cache path not found in *engine.ini, will not use an Shared cache.
[2021.05.04-09.32.51:933][  0]LogDerivedDataCache: Unable to find inner node Shared for hierarchical cache Hierarchy.
[2021.05.04-09.32.51:954][  0]LogMaterial: Verifying Global Shaders for PCD3D_SM5
[2021.05.04-09.32.51:956][  0]LogSlate: Using FreeType 2.10.0
[2021.05.04-09.32.51:956][  0]LogSlate: SlateFontServices - WITH_FREETYPE: 1, WITH_HARFBUZZ: 1
[2021.05.04-09.32.52:000][  0]LogAssetRegistry: FAssetRegistry took 0.0020 seconds to start up
[2021.05.04-09.32.52:190][  0]LogInit: Selected Device Profile: [Windows]
[2021.05.04-09.32.52:305][  0]LogMeshReduction: Using QuadricMeshReduction for automatic static mesh reduction
[2021.05.04-09.32.52:305][  0]LogMeshReduction: Using SimplygonMeshReduction for automatic skeletal mesh reduction
[2021.05.04-09.32.52:305][  0]LogMeshReduction: Using ProxyLODMeshReduction for automatic mesh merging
[2021.05.04-09.32.52:305][  0]LogMeshReduction: No distributed automatic mesh merging module available
[2021.05.04-09.32.52:305][  0]LogMeshMerging: No distributed automatic mesh merging module available
[2021.05.04-09.32.52:383][  0]LogNetVersion: MBV_Demo_Project 1.0.0, NetCL: 10570792, EngineNetVer: 13, GameNetVer: 0 (Checksum: 3928766644)
[2021.05.04-09.32.53:202][  0]LogPackageLocalizationCache: Processed 19 localized package path(s) for 1 prioritized culture(s) in 0.083486 seconds
[2021.05.04-09.32.53:208][  0]LogUObjectArray: 46744 objects as part of root set at end of initial load.
[2021.05.04-09.32.53:208][  0]LogUObjectAllocator: 8134920 out of 0 bytes used by permanent object pool.
[2021.05.04-09.32.53:208][  0]LogUObjectArray: CloseDisregardForGC: 0/0 objects in disregard for GC pool
[2021.05.04-09.32.53:281][  0]LogD3D12RHI: Creating RTPSO with 3 shaders (0 cached, 3 new) took 14.63 ms. Compile time 3.32 ms, link time 11.16 ms.
[2021.05.04-09.32.53:490][  0]LogPython: Using Python 2.7.14
[2021.05.04-09.32.53:993][  0]LogTcpMessaging: Initializing TcpMessaging bridge
[2021.05.04-09.32.53:996][  0]LogUdpMessaging: Initializing bridge on interface 0.0.0.0:0 to multicast group 230.0.0.1:6666.
[2021.05.04-09.32.54:050][  0]SourceControl: Source control is disabled
[2021.05.04-09.32.54:050][  0]SourceControl: Source control is disabled
[2021.05.04-09.32.54:051][  0]SourceControl: Source control is disabled
[2021.05.04-09.32.54:052][  0]SourceControl: Source control is disabled
[2021.05.04-09.32.54:053][  0]SourceControl: Source control is disabled
[2021.05.04-09.32.54:058][  0]LogVSAccessor: Display: Unable to create Visual Studio setup instance: 80040154
[2021.05.04-09.32.54:059][  0]LogVSAccessor: Display: Unable to create Visual Studio setup instance: 80040154
[2021.05.04-09.32.55:135][  0]LogAndroidPermission: UAndroidPermissionCallbackProxy::GetInstance
[2021.05.04-09.32.55:149][  0]LogAudioCaptureCore: Display: No Audio Capture implementations found. Audio input will be silent.
[2021.05.04-09.32.55:149][  0]LogAudioCaptureCore: Display: No Audio Capture implementations found. Audio input will be silent.
[2021.05.04-09.32.55:207][  0]LogOcInput: OculusInput pre-init called
[2021.05.04-09.32.55:212][  0]LogWindows: Failed to load 'OVRPlugin.dll' (GetLastError=126)
[2021.05.04-09.32.55:212][  0]LogWindows: File 'OVRPlugin.dll' does not exist
[2021.05.04-09.32.55:260][  0]LogEngine: Initializing Engine...
[2021.05.04-09.32.55:261][  0]LogHMD: Failed to initialize OpenVR with code 110
[2021.05.04-09.32.55:261][  0]LogStats: UGameplayTagsManager::InitializeManager -  0.000 s
[2021.05.04-09.32.55:502][  0]LogInit: Initializing FReadOnlyCVARCache
[2021.05.04-09.32.55:508][  0]LogAIModule: Creating AISystem for world Untitled
[2021.05.04-09.32.55:509][  0]LogAudioMixer: Display: Audio Mixer Platform Settings:
[2021.05.04-09.32.55:509][  0]LogAudioMixer: Display: 	Sample Rate:						  48000
[2021.05.04-09.32.55:509][  0]LogAudioMixer: Display: 	Callback Buffer Frame Size Requested: 1024
[2021.05.04-09.32.55:509][  0]LogAudioMixer: Display: 	Callback Buffer Frame Size To Use:	  1024
[2021.05.04-09.32.55:509][  0]LogAudioMixer: Display: 	Number of buffers to queue:			  2
[2021.05.04-09.32.55:509][  0]LogAudioMixer: Display: 	Max Channels (voices):				  32
[2021.05.04-09.32.55:509][  0]LogAudioMixer: Display: 	Number of Async Source Workers:		  0
[2021.05.04-09.32.55:509][  0]LogAudio: Display: AudioDevice MaxSources: 32
[2021.05.04-09.32.55:510][  0]LogAudio: Display: Using built-in audio occlusion.
[2021.05.04-09.32.55:510][  0]LogAudioMixer: Display: Initializing audio mixer.
[2021.05.04-09.32.55:524][  0]LogAudioMixer: Display: Audio Device Output Speaker Info:
[2021.05.04-09.32.55:524][  0]LogAudioMixer: Display: Name: スピーカー (Realtek(R) Audio)
[2021.05.04-09.32.55:524][  0]LogAudioMixer: Display: Is Default: Yes
[2021.05.04-09.32.55:524][  0]LogAudioMixer: Display: Sample Rate: 48000
[2021.05.04-09.32.55:524][  0]LogAudioMixer: Display: Channel Count Used: 2
[2021.05.04-09.32.55:524][  0]LogAudioMixer: Display: Device Channel Count: 2
[2021.05.04-09.32.55:524][  0]LogAudioMixer: Display: Channel Order:
[2021.05.04-09.32.55:524][  0]LogAudioMixer: Display: 0: FrontLeft
[2021.05.04-09.32.55:524][  0]LogAudioMixer: Display: 1: FrontRight
[2021.05.04-09.32.55:547][  0]LogAudioMixer: Display: Using Audio Device スピーカー (Realtek(R) Audio)
[2021.05.04-09.32.55:549][  0]LogInit: FAudioDevice initialized.
[2021.05.04-09.32.55:549][  0]LogNetVersion: Set ProjectVersion to 1.0.0.0. Version Checksum will be recalculated on next use.
[2021.05.04-09.32.55:595][  0]LogDerivedDataCache: Saved boot cache 0.05s 104MB C:/Users/ipg/AppData/Local/UnrealEngine/4.24/DerivedDataCache/Boot.ddc.
[2021.05.04-09.32.55:597][  0]LogInit: Texture streaming: Enabled
[2021.05.04-09.32.55:605][  0]LogEngineSessionManager: EngineSessionManager initialized
[2021.05.04-09.32.55:605][  0]LogEditorSessionSummary: Verbose: Initializing EditorSessionSummaryWriter for editor session tracking
[2021.05.04-09.32.55:607][  0]LogEditorSessionSummary: EditorSessionSummaryWriter initialized
[2021.05.04-09.32.55:655][  0]LogInit: Transaction tracking system initialized
[2021.05.04-09.32.55:662][  0]BlueprintLog: New page: Editor Load
[2021.05.04-09.32.55:685][  0]LocalizationService: Localization service is disabled
[2021.05.04-09.32.55:725][  0]LogVSAccessor: Display: Unable to create Visual Studio setup instance: 80040154
[2021.05.04-09.32.55:725][  0]LogVSAccessor: Display: Unable to create Visual Studio setup instance: 80040154
[2021.05.04-09.32.55:871][  0]LogCook: Display: Max memory allowance for cook 16384mb min free memory 0mb
[2021.05.04-09.32.55:871][  0]LogCook: Display: Mobile HDR setting 1
[2021.05.04-09.32.57:587][  0]SourceControl: Source control is disabled
[2021.05.04-09.32.57:587][  0]Cmd: MAP LOAD FILE="R:/ipg Dropbox/sakai naoya/UE_projects/MBV_Demo_Project/Content/Levels/MBV.umap" TEMPLATE=0 SHOWPROGRESS=1 FEATURELEVEL=3
[2021.05.04-09.32.57:587][  0]LightingResults: New page: Lighting Build
[2021.05.04-09.32.57:588][  0]LogWorld: UWorld::CleanupWorld for Untitled, bSessionEnded=true, bCleanupResources=true
[2021.05.04-09.32.57:588][  0]LogSlate: InvalidateAllWidgets triggered.  All widgets were invalidated
[2021.05.04-09.32.57:588][  0]MapCheck: New page: Map Check
[2021.05.04-09.32.57:588][  0]LightingResults: New page: Lighting Build
[2021.05.04-09.32.57:619][  0]LogUObjectHash: Compacting FUObjectHashTables data took   1.79ms
[2021.05.04-09.32.58:187][  0]LogAIModule: Creating AISystem for world MBV
[2021.05.04-09.32.58:199][  0]LogStreaming: Display: ULevelStreaming::RequestLevel(/Game/Levels/Street) is flushing async loading
[2021.05.04-09.32.58:199][  0]LogStreaming: Display: Flushing async loaders.
[2021.05.04-09.32.58:788][  0]LogStreaming: Display: ULevelStreaming::RequestLevel(/Game/Levels/engine) is flushing async loading
[2021.05.04-09.32.59:381][  0]LogBlueprint: Warning: [Compiler BP_Annotation_Session] InputAction Event references unknown Action 'OrbitZoomIn' for  InputAction OrbitZoomIn
[2021.05.04-09.32.59:381][  0]LogBlueprint: Warning: [Compiler BP_Annotation_Session] InputAction Event references unknown Action 'OrbitZoomOut' for  InputAction OrbitZoomOut
[2021.05.04-09.32.59:559][  0]LogBlueprint: Warning: [Compiler BP_BasePawn] InputAction Event references unknown Action 'LockToAxis' for  InputAction LockToAxis
[2021.05.04-09.32.59:560][  0]LogBlueprint: Warning: [Compiler BP_BasePawn] InputAction Event references unknown Action 'RotateView' for  InputAction RotateView
[2021.05.04-09.32.59:560][  0]LogBlueprint: Warning: [Compiler BP_BasePawn] InputAction Event references unknown Action 'ShootLaser' for  InputAction ShootLaser
[2021.05.04-09.32.59:561][  0]LogBlueprint: Warning: [Compiler BP_BasePawn] InputAction Event references unknown Action 'OpenContextualMenu' for  InputAction OpenContextualMenu
[2021.05.04-09.32.59:561][  0]LogBlueprint: Warning: [Compiler BP_BasePawn] InputAction Event references unknown Action 'Bookmark_9' for  InputAction Bookmark_9
[2021.05.04-09.32.59:561][  0]LogBlueprint: Warning: [Compiler BP_BasePawn] InputAction Event references unknown Action 'Bookmark_8' for  InputAction Bookmark_8
[2021.05.04-09.32.59:561][  0]LogBlueprint: Warning: [Compiler BP_BasePawn] InputAction Event references unknown Action 'Bookmark_7' for  InputAction Bookmark_7
[2021.05.04-09.32.59:561][  0]LogBlueprint: Warning: [Compiler BP_BasePawn] InputAction Event references unknown Action 'Bookmark_6' for  InputAction Bookmark_6
[2021.05.04-09.32.59:562][  0]LogBlueprint: Warning: [Compiler BP_BasePawn] InputAction Event references unknown Action 'Bookmark_5' for  InputAction Bookmark_5
[2021.05.04-09.32.59:562][  0]LogBlueprint: Warning: [Compiler BP_BasePawn] InputAction Event references unknown Action 'Bookmark_4' for  InputAction Bookmark_4
[2021.05.04-09.32.59:562][  0]LogBlueprint: Warning: [Compiler BP_BasePawn] InputAction Event references unknown Action 'Bookmark_3' for  InputAction Bookmark_3
[2021.05.04-09.32.59:562][  0]LogBlueprint: Warning: [Compiler BP_BasePawn] InputAction Event references unknown Action 'Bookmark_2' for  InputAction Bookmark_2
[2021.05.04-09.32.59:562][  0]LogBlueprint: Warning: [Compiler BP_BasePawn] InputAction Event references unknown Action 'Bookmark_1' for  InputAction Bookmark_1
[2021.05.04-09.32.59:580][  0]LogBlueprint: Warning: [Compiler BP_Collab_V_PlayerController] InputAction Event references unknown Action 'VRMode' for  InputAction VRMode
[2021.05.04-09.32.59:580][  0]LogBlueprint: Warning: [Compiler BP_Collab_V_PlayerController] InputAction Event references unknown Action 'OrbitMode' for  InputAction OrbitMode
[2021.05.04-09.32.59:580][  0]LogBlueprint: Warning: [Compiler BP_Collab_V_PlayerController] InputAction Event references unknown Action 'WalkMode' for  InputAction WalkMode
[2021.05.04-09.32.59:580][  0]LogBlueprint: Warning: [Compiler BP_Collab_V_PlayerController] InputAction Event references unknown Action 'FlyMode' for  InputAction FlyMode
[2021.05.04-09.32.59:580][  0]LogBlueprint: Warning: [Compiler BP_Collab_V_PlayerController] InputAction Event references unknown Action 'Quit' for  InputAction Quit
[2021.05.04-09.32.59:602][  0]LogBlueprint: Warning: [Compiler BP_Desktop_FlyMode_Pawn] Input Axis Event references unknown Axis 'WalkForward' for  InputAxis WalkForward
[2021.05.04-09.32.59:602][  0]LogBlueprint: Warning: [Compiler BP_Desktop_FlyMode_Pawn] Input Axis Event references unknown Axis 'WalkRight' for  InputAxis WalkRight
[2021.05.04-09.32.59:602][  0]LogBlueprint: Warning: [Compiler BP_Desktop_FlyMode_Pawn] InputAction Event references unknown Action 'PushAndPull' for  InputAction PushAndPull
[2021.05.04-09.32.59:603][  0]LogBlueprint: Warning: [Compiler BP_Desktop_FlyMode_Pawn] Input Axis Event references unknown Axis 'LookUp' for  InputAxis LookUp
[2021.05.04-09.32.59:603][  0]LogBlueprint: Warning: [Compiler BP_Desktop_FlyMode_Pawn] Input Axis Event references unknown Axis 'LookRight' for  InputAxis LookRight
[2021.05.04-09.32.59:603][  0]LogBlueprint: Warning: [Compiler BP_Desktop_FlyMode_Pawn] Input Axis Event references unknown Axis 'FlyUp' for  InputAxis FlyUp
[2021.05.04-09.32.59:610][  0]LogBlueprint: Warning: [Compiler BP_Desktop_OrbitMode_Pawn] InputAction Event references unknown Action 'RotateView' for  InputAction RotateView
[2021.05.04-09.32.59:610][  0]LogBlueprint: Warning: [Compiler BP_Desktop_OrbitMode_Pawn] InputAction Event references unknown Action 'RotateView' for  InputAction RotateView
[2021.05.04-09.32.59:611][  0]LogBlueprint: Warning: [Compiler BP_Desktop_OrbitMode_Pawn] InputAction Event references unknown Action 'ShootLaser' for  InputAction ShootLaser
[2021.05.04-09.32.59:611][  0]LogBlueprint: Warning: [Compiler BP_Desktop_OrbitMode_Pawn] InputAction Event references unknown Action 'SetPointOfinterest' for  InputAction SetPointOfinterest
[2021.05.04-09.32.59:611][  0]LogBlueprint: Warning: [Compiler BP_Desktop_OrbitMode_Pawn] InputAction Event references unknown Action 'OrbitZoomOut' for  InputAction OrbitZoomOut
[2021.05.04-09.32.59:611][  0]LogBlueprint: Warning: [Compiler BP_Desktop_OrbitMode_Pawn] InputAction Event references unknown Action 'OrbitZoomIn' for  InputAction OrbitZoomIn
[2021.05.04-09.32.59:616][  0]LogBlueprint: Warning: [Compiler BP_Desktop_WalkMode_Pawn] InputAction Event references unknown Action 'PushAndPull' for  InputAction PushAndPull
[2021.05.04-09.32.59:616][  0]LogBlueprint: Warning: [Compiler BP_Desktop_WalkMode_Pawn] Input Axis Event references unknown Axis 'WalkForward' for  InputAxis WalkForward
[2021.05.04-09.32.59:616][  0]LogBlueprint: Warning: [Compiler BP_Desktop_WalkMode_Pawn] Input Axis Event references unknown Axis 'WalkRight' for  InputAxis WalkRight
[2021.05.04-09.32.59:616][  0]LogBlueprint: Warning: [Compiler BP_Desktop_WalkMode_Pawn] Input Axis Event references unknown Axis 'LookUp' for  InputAxis LookUp
[2021.05.04-09.32.59:617][  0]LogBlueprint: Warning: [Compiler BP_Desktop_WalkMode_Pawn] Input Axis Event references unknown Axis 'LookRight' for  InputAxis LookRight
[2021.05.04-09.32.59:636][  0]LogBlueprint: Warning: [Compiler BP_VRPawn] InputAction Event references unknown Action 'Left_L' for  InputAction Left_L
[2021.05.04-09.32.59:636][  0]LogBlueprint: Warning: [Compiler BP_VRPawn] InputAction Event references unknown Action 'Left_R' for  InputAction Left_R
[2021.05.04-09.32.59:636][  0]LogBlueprint: Warning: [Compiler BP_VRPawn] InputAction Event references unknown Action 'Right_L' for  InputAction Right_L
[2021.05.04-09.32.59:636][  0]LogBlueprint: Warning: [Compiler BP_VRPawn] InputAction Event references unknown Action 'Right_R' for  InputAction Right_R
[2021.05.04-09.32.59:636][  0]LogBlueprint: Warning: [Compiler BP_VRPawn] InputAction Event references unknown Action 'Down_R' for  InputAction Down_R
[2021.05.04-09.32.59:636][  0]LogBlueprint: Warning: [Compiler BP_VRPawn] InputAction Event references unknown Action 'Down_L' for  InputAction Down_L
[2021.05.04-09.32.59:636][  0]LogBlueprint: Warning: [Compiler BP_VRPawn] InputAction Event references unknown Action 'UP_L' for  InputAction UP_L
[2021.05.04-09.32.59:636][  0]LogBlueprint: Warning: [Compiler BP_VRPawn] InputAction Event references unknown Action 'UP_R' for  InputAction UP_R
[2021.05.04-09.32.59:636][  0]LogBlueprint: Warning: [Compiler BP_VRPawn] InputAction Event references unknown Action 'VR_Trigger_R' for  InputAction VR_Trigger_R
[2021.05.04-09.32.59:636][  0]LogBlueprint: Warning: [Compiler BP_VRPawn] InputAction Event references unknown Action 'VR_Trigger_L' for  InputAction VR_Trigger_L
[2021.05.04-09.32.59:636][  0]LogBlueprint: Warning: [Compiler BP_VRPawn] InputAction Event references unknown Action 'ShowContextualMenu_R' for  InputAction ShowContextualMenu_R
[2021.05.04-09.32.59:636][  0]LogBlueprint: Warning: [Compiler BP_VRPawn] InputAction Event references unknown Action 'ShowContextualMenu_L' for  InputAction ShowContextualMenu_L
[2021.05.04-09.32.59:636][  0]LogBlueprint: Warning: [Compiler BP_VRPawn] InputAction Event references unknown Action 'VR_Teleport_R' for  InputAction VR_Teleport_R
[2021.05.04-09.32.59:636][  0]LogBlueprint: Warning: [Compiler BP_VRPawn] InputAction Event references unknown Action 'VR_Teleport_L' for  InputAction VR_Teleport_L
[2021.05.04-09.32.59:636][  0]LogBlueprint: Warning: [Compiler BP_VRPawn] Input Axis Event references unknown Axis 'ThumbStick_L_Y' for  InputAxis ThumbStick_L_Y
[2021.05.04-09.32.59:636][  0]LogBlueprint: Warning: [Compiler BP_VRPawn] Input Axis Event references unknown Axis 'ThumbStick_R_Y' for  InputAxis ThumbStick_R_Y
[2021.05.04-09.32.59:660][  0]LogBlueprint: Warning: [Compiler BP_Touch_OrbitMode_Pawn] Input Axis Event references unknown Axis 'pinch' for  InputAxis pinch
[2021.05.04-09.33.00:060][  0]LogBlueprint: Warning: [Compiler PersistentLevel.engine] Node  Unknown  is not referencing a valid level actor
[2021.05.04-09.33.00:609][  0]LogEditorServer: Finished looking for orphan Actors (0.000 secs)
[2021.05.04-09.33.00:653][  0]LogUObjectHash: Compacting FUObjectHashTables data took   3.02ms
[2021.05.04-09.33.00:654][  0]Cmd: MAP CHECKDEP NOCLEARLOG
[2021.05.04-09.33.00:654][  0]MapCheck: Map check complete: 0 Error(s), 0 Warning(s), took 0.144ms to complete.
[2021.05.04-09.33.00:654][  0]LogFileHelpers: Loading map 'MBV' took 3.067
[2021.05.04-09.33.00:725][  0]LogWindowsTextInputMethodSystem: Display: IME system now activated using TSF (Microsoft IME).
[2021.05.04-09.33.00:776][  0]LogSlate: Updating window title bar state: overlay mode, drag disabled, window buttons hidden, title bar hidden
[2021.05.04-09.33.00:781][  0]LogSlate: Updating window title bar state: overlay mode, drag disabled, window buttons hidden, title bar hidden
[2021.05.04-09.33.00:787][  0]LogSlate: Updating window title bar state: overlay mode, drag disabled, window buttons hidden, title bar hidden
[2021.05.04-09.33.00:791][  0]LogSlate: Updating window title bar state: overlay mode, drag disabled, window buttons hidden, title bar hidden
[2021.05.04-09.33.00:794][  0]LogCollectionManager: Loaded 0 collections in 0.000485 seconds
[2021.05.04-09.33.00:803][  0]LogFileCache: Scanning file cache for directory 'R:/ipg Dropbox/sakai naoya/UE_projects/MBV_Demo_Project/Saved/Collections/' took 0.00s
[2021.05.04-09.33.00:803][  0]LogFileCache: Scanning file cache for directory 'R:/ipg Dropbox/sakai naoya/UE_projects/MBV_Demo_Project/Content/Developers/ipg/Collections/' took 0.00s
[2021.05.04-09.33.00:803][  0]LogFileCache: Scanning file cache for directory 'R:/ipg Dropbox/sakai naoya/UE_projects/MBV_Demo_Project/Content/Collections/' took 0.00s
[2021.05.04-09.33.00:803][  0]LogContentBrowser: Native class hierarchy populated in 0.0061 seconds. Added 3223 classes and 802 folders.
[2021.05.04-09.33.00:804][  0]LogContentBrowser: Native class hierarchy updated for 'WidgetCarousel' in 0.0001 seconds. Added 0 classes and 0 folders.
[2021.05.04-09.33.00:835][  0]LogContentBrowser: Native class hierarchy updated for 'AddContentDialog' in 0.0002 seconds. Added 0 classes and 0 folders.
[2021.05.04-09.33.00:836][  0]LogContentBrowser: Native class hierarchy updated for 'SceneOutliner' in 0.0002 seconds. Added 2 classes and 0 folders.
[2021.05.04-09.33.00:842][  0]LogContentBrowser: Native class hierarchy updated for 'WorldBrowser' in 0.0002 seconds. Added 2 classes and 3 folders.
[2021.05.04-09.33.01:237][  0]LogSlate: Took 0.000151 seconds to synchronously load lazily loaded font '../../../Engine/Content/Slate/Fonts/Roboto-Regular.ttf' (155K)
[2021.05.04-09.33.01:239][  0]LogSlate: Took 0.000170 seconds to synchronously load lazily loaded font '../../../Engine/Content/Slate/Fonts/Roboto-Bold.ttf' (160K)
[2021.05.04-09.33.01:242][  0]LogSlate: Took 0.000117 seconds to synchronously load lazily loaded font '../../../Engine/Content/Editor/Slate/Fonts/FontAwesome.ttf' (139K)
[2021.05.04-09.33.01:299][  0]LogRenderer: Reallocating scene render targets to support 1288x628 Format 10 NumSamples 1 (Frame:1).
[2021.05.04-09.33.01:542][  0]LogD3D12RHI: Creating RTPSO with 94 shaders (0 cached, 94 new) took 120.00 ms. Compile time 109.26 ms, link time 10.62 ms.
[2021.05.04-09.33.01:579][  0]LogD3D12RHI: Creating RTPSO with 3 shaders (3 cached, 0 new) took 34.41 ms. Compile time 0.02 ms, link time 34.38 ms.
[2021.05.04-09.33.01:665][  0]LogD3D12RHI: Creating RTPSO with 3 shaders (0 cached, 3 new) took 11.27 ms. Compile time 4.12 ms, link time 7.13 ms.
[2021.05.04-09.33.01:826][  0]LogContentBrowser: Native class hierarchy updated for 'HierarchicalLODOutliner' in 0.0002 seconds. Added 0 classes and 0 folders.
[2021.05.04-09.33.01:826][  0]LogLoad: (Engine Initialization) Total time: 12.07 seconds
[2021.05.04-09.33.01:826][  0]LogLoad: (Engine Initialization) Total Blueprint compile time: 0.00 seconds
[2021.05.04-09.33.01:838][  0]LogSlate: New Slate User Created.  User Index 2, Is Virtual User: 0
[2021.05.04-09.33.01:838][  0]LogSlate: Slate User Registered.  User Index 2, Is Virtual User: 0
[2021.05.04-09.33.01:869][  0]LogAssetRegistry: Asset discovery search completed in 9.8694 seconds
[2021.05.04-09.33.01:873][  0]LogCollectionManager: Fixed up redirectors for 0 collections in 0.000007 seconds (updated 0 objects)
[2021.05.04-09.33.01:875][  0]LogContentStreaming: Texture pool size now 1000 MB
[2021.05.04-09.33.01:946][  3]LogSlate: Took 0.000136 seconds to synchronously load lazily loaded font '../../../Engine/Content/Slate/Fonts/Roboto-Regular.ttf' (155K)
[2021.05.04-09.33.01:970][  3]LogStaticMesh: Allocated 512x508x128 distance field atlas = 63.5Mb, with 231 objects containing 31.8Mb backing data
